build/app/intermediates/manifest_merge_blame_file/release/manifest-merger-blame-release-report.txt
1<?xml version="1.0" encoding="utf-8"?>
2<manifest xmlns:android="http://schemas.android.com/apk/res/android"
3    package="com.my.ebook"
4    android:targetSandboxVersion="1"
5    android:versionCode="1"
6    android:versionName="1.0.0" >
7
8    <uses-sdk
9        android:minSdkVersion="21"
9-->src\main\AndroidManifest.xml
10        android:targetSdkVersion="30" />
10-->src\main\AndroidManifest.xml
11
12    <uses-permission android:name="android.permission.INTERNET" />
12-->src\main\AndroidManifest.xml:3:5-67
12-->src\main\AndroidManifest.xml:3:22-64
13    <uses-permission android:name="android.permission.INTERNET" />
13-->src\main\AndroidManifest.xml:3:5-67
13-->src\main\AndroidManifest.xml:3:22-64
14
15    <queries>
15-->[:flutter_tts] AndroidManifest.xml:9:5-13:15
16        <intent>
16-->[:flutter_tts] AndroidManifest.xml:10:9-12:18
17            <action android:name="android.intent.action.TTS_SERVICE" />
17-->[:flutter_tts] AndroidManifest.xml:11:13-72
17-->[:flutter_tts] AndroidManifest.xml:11:21-69
18        </intent>
19        <!-- For browser content -->
20        <intent>
20-->[com.google.android.gms:play-services-ads-lite:19.7.0] AndroidManifest.xml:30:9-36:18
21            <action android:name="android.intent.action.VIEW" />
21-->[com.google.android.gms:play-services-ads-lite:19.7.0] AndroidManifest.xml:31:13-65
21-->[com.google.android.gms:play-services-ads-lite:19.7.0] AndroidManifest.xml:31:21-62
22
23            <category android:name="android.intent.category.BROWSABLE" />
23-->[com.google.android.gms:play-services-ads-lite:19.7.0] AndroidManifest.xml:33:13-74
23-->[com.google.android.gms:play-services-ads-lite:19.7.0] AndroidManifest.xml:33:23-71
24
25            <data android:scheme="https" />
25-->[com.google.android.gms:play-services-ads-lite:19.7.0] AndroidManifest.xml:35:13-44
25-->[com.google.android.gms:play-services-ads-lite:19.7.0] AndroidManifest.xml:35:19-41
26        </intent> <!-- End of browser content -->
27        <!-- For CustomTabsService -->
28        <intent>
28-->[com.google.android.gms:play-services-ads-lite:19.7.0] AndroidManifest.xml:39:9-41:18
29            <action android:name="android.support.customtabs.action.CustomTabsService" />
29-->[com.google.android.gms:play-services-ads-lite:19.7.0] AndroidManifest.xml:40:13-90
29-->[com.google.android.gms:play-services-ads-lite:19.7.0] AndroidManifest.xml:40:21-87
30        </intent>
31    </queries>
32
33    <uses-permission android:name="android.permission.ACCESS_NETWORK_STATE" />
33-->[com.google.android.gms:play-services-ads-lite:19.7.0] AndroidManifest.xml:24:5-79
33-->[com.google.android.gms:play-services-ads-lite:19.7.0] AndroidManifest.xml:24:22-76
34    <uses-permission android:name="android.permission.WAKE_LOCK" />
34-->[com.google.android.gms:play-services-measurement-sdk-api:17.5.0] AndroidManifest.xml:25:5-68
34-->[com.google.android.gms:play-services-measurement-sdk-api:17.5.0] AndroidManifest.xml:25:22-65
35    <uses-permission android:name="android.permission.RECEIVE_BOOT_COMPLETED" />
35-->[androidx.work:work-runtime:2.1.0] AndroidManifest.xml:27:5-81
35-->[androidx.work:work-runtime:2.1.0] AndroidManifest.xml:27:22-78
36
37    <application
37-->src\main\AndroidManifest.xml:5:5-48:19
38        android:appComponentFactory="androidx.core.app.CoreComponentFactory"
38-->[androidx.core:core:1.3.1] AndroidManifest.xml:24:18-86
39        android:icon="@drawable/ic_launcher"
39-->src\main\AndroidManifest.xml:7:9-45
40        android:label="Muhammad ﷺ" >
40-->src\main\AndroidManifest.xml:6:9-35
41        <activity
41-->src\main\AndroidManifest.xml:9:9-39:20
42            android:name="com.my.ebook.MainActivity"
42-->src\main\AndroidManifest.xml:10:13-41
43            android:configChanges="orientation|keyboardHidden|keyboard|screenSize|smallestScreenSize|locale|layoutDirection|fontScale|screenLayout|density|uiMode"
43-->src\main\AndroidManifest.xml:13:13-163
44            android:hardwareAccelerated="true"
44-->src\main\AndroidManifest.xml:14:13-47
45            android:launchMode="singleTop"
45-->src\main\AndroidManifest.xml:11:13-43
46            android:networkSecurityConfig="@xml/network_security_config"
46-->src\main\AndroidManifest.xml:16:13-73
47            android:theme="@style/LaunchTheme"
47-->src\main\AndroidManifest.xml:12:13-47
48            android:usesCleartextTraffic="true"
48-->src\main\AndroidManifest.xml:15:13-48
49            android:windowSoftInputMode="adjustResize" >
49-->src\main\AndroidManifest.xml:17:13-55
50
51            <!--
52                 Specifies an Android theme to apply to this Activity as soon as
53                 the Android process has started. This theme is visible to the user
54                 while the Flutter UI initializes. After that, this theme continues
55                 to determine the Window background behind the Flutter UI.
56            -->
57            <meta-data
57-->src\main\AndroidManifest.xml:22:13-25:17
58                android:name="io.flutter.embedding.android.NormalTheme"
58-->src\main\AndroidManifest.xml:23:15-70
59                android:resource="@style/NormalTheme" />
59-->src\main\AndroidManifest.xml:24:15-52
60            <!--
61                 Displays an Android View that continues showing the launch screen
62                 Drawable until Flutter paints its first frame, then this splash
63                 screen fades out. A splash screen is useful to avoid any visual
64                 gap between the end of Android's launch screen and the painting of
65                 Flutter's first frame.
66            -->
67            <meta-data
67-->src\main\AndroidManifest.xml:31:13-34:17
68                android:name="io.flutter.embedding.android.SplashScreenDrawable"
68-->src\main\AndroidManifest.xml:32:15-79
69                android:resource="@drawable/launch_background" />
69-->src\main\AndroidManifest.xml:33:15-61
70
71            <intent-filter>
71-->src\main\AndroidManifest.xml:35:13-38:29
72                <action android:name="android.intent.action.MAIN" />
72-->src\main\AndroidManifest.xml:36:17-68
72-->src\main\AndroidManifest.xml:36:25-66
73
74                <category android:name="android.intent.category.LAUNCHER" />
74-->src\main\AndroidManifest.xml:37:17-76
74-->src\main\AndroidManifest.xml:37:27-74
75            </intent-filter>
76        </activity>
77        <!--
78             Don't delete the meta-data below.
79             This is used by the Flutter tool to generate GeneratedPluginRegistrant.java
80        -->
81        <meta-data
81-->src\main\AndroidManifest.xml:42:9-44:33
82            android:name="flutterEmbedding"
82-->src\main\AndroidManifest.xml:43:13-44
83            android:value="2" />
83-->src\main\AndroidManifest.xml:44:13-30
84        <meta-data
84-->src\main\AndroidManifest.xml:45:9-47:69
85            android:name="com.google.android.gms.ads.APPLICATION_ID"
85-->src\main\AndroidManifest.xml:46:13-69
86            android:value="ca-app-pub-3940256099942544~3347511713" />
86-->src\main\AndroidManifest.xml:47:13-67
87        <meta-data
87-->[:google_mobile_ads] AndroidManifest.xml:10:9-12:36
88            android:name="io.flutter.embedded_views_preview"
88-->[:google_mobile_ads] AndroidManifest.xml:11:13-61
89            android:value="true" />
89-->[:google_mobile_ads] AndroidManifest.xml:12:13-33
90
91        <provider
91-->[:share] AndroidManifest.xml:8:9-16:20
92            android:name="io.flutter.plugins.share.ShareFileProvider"
92-->[:share] AndroidManifest.xml:9:13-70
93            android:authorities="com.my.ebook.flutter.share_provider"
93-->[:share] AndroidManifest.xml:10:13-74
94            android:exported="false"
94-->[:share] AndroidManifest.xml:11:13-37
95            android:grantUriPermissions="true" >
95-->[:share] AndroidManifest.xml:12:13-47
96            <meta-data
96-->[:share] AndroidManifest.xml:13:13-15:68
97                android:name="android.support.FILE_PROVIDER_PATHS"
97-->[:share] AndroidManifest.xml:14:17-67
98                android:resource="@xml/flutter_share_file_paths" />
98-->[:share] AndroidManifest.xml:15:17-65
99        </provider> <!-- Include the AdActivity and InAppPurchaseActivity configChanges and themes. -->
100        <activity
100-->[com.google.android.gms:play-services-ads-lite:19.7.0] AndroidManifest.xml:48:9-52:64
101            android:name="com.google.android.gms.ads.AdActivity"
101-->[com.google.android.gms:play-services-ads-lite:19.7.0] AndroidManifest.xml:49:13-65
102            android:configChanges="keyboard|keyboardHidden|orientation|screenLayout|uiMode|screenSize|smallestScreenSize"
102-->[com.google.android.gms:play-services-ads-lite:19.7.0] AndroidManifest.xml:50:13-122
103            android:exported="false"
103-->[com.google.android.gms:play-services-ads-lite:19.7.0] AndroidManifest.xml:51:13-37
104            android:theme="@android:style/Theme.Translucent" />
104-->[com.google.android.gms:play-services-ads-lite:19.7.0] AndroidManifest.xml:52:13-61
105
106        <provider
106-->[com.google.android.gms:play-services-ads-lite:19.7.0] AndroidManifest.xml:54:9-58:39
107            android:name="com.google.android.gms.ads.MobileAdsInitProvider"
107-->[com.google.android.gms:play-services-ads-lite:19.7.0] AndroidManifest.xml:55:13-76
108            android:authorities="com.my.ebook.mobileadsinitprovider"
108-->[com.google.android.gms:play-services-ads-lite:19.7.0] AndroidManifest.xml:56:13-73
109            android:exported="false"
109-->[com.google.android.gms:play-services-ads-lite:19.7.0] AndroidManifest.xml:57:13-37
110            android:initOrder="100" />
110-->[com.google.android.gms:play-services-ads-lite:19.7.0] AndroidManifest.xml:58:13-36
111
112        <service
112-->[com.google.android.gms:play-services-ads-lite:19.7.0] AndroidManifest.xml:60:9-63:40
113            android:name="com.google.android.gms.ads.AdService"
113-->[com.google.android.gms:play-services-ads-lite:19.7.0] AndroidManifest.xml:61:13-64
114            android:enabled="true"
114-->[com.google.android.gms:play-services-ads-lite:19.7.0] AndroidManifest.xml:62:13-35
115            android:exported="false" />
115-->[com.google.android.gms:play-services-ads-lite:19.7.0] AndroidManifest.xml:63:13-37
116
117        <meta-data
117-->[com.google.android.gms:play-services-basement:17.3.0] AndroidManifest.xml:23:9-25:69
118            android:name="com.google.android.gms.version"
118-->[com.google.android.gms:play-services-basement:17.3.0] AndroidManifest.xml:24:13-58
119            android:value="@integer/google_play_services_version" />
119-->[com.google.android.gms:play-services-basement:17.3.0] AndroidManifest.xml:25:13-66
120
121        <provider
121-->[androidx.work:work-runtime:2.1.0] AndroidManifest.xml:30:9-36:35
122            android:name="androidx.work.impl.WorkManagerInitializer"
122-->[androidx.work:work-runtime:2.1.0] AndroidManifest.xml:31:13-69
123            android:authorities="com.my.ebook.workmanager-init"
123-->[androidx.work:work-runtime:2.1.0] AndroidManifest.xml:32:13-68
124            android:directBootAware="false"
124-->[androidx.work:work-runtime:2.1.0] AndroidManifest.xml:33:13-44
125            android:exported="false"
125-->[androidx.work:work-runtime:2.1.0] AndroidManifest.xml:34:13-37
126            android:multiprocess="true" />
126-->[androidx.work:work-runtime:2.1.0] AndroidManifest.xml:35:13-40
127
128        <service
128-->[androidx.work:work-runtime:2.1.0] AndroidManifest.xml:38:9-43:35
129            android:name="androidx.work.impl.background.systemalarm.SystemAlarmService"
129-->[androidx.work:work-runtime:2.1.0] AndroidManifest.xml:39:13-88
130            android:directBootAware="false"
130-->[androidx.work:work-runtime:2.1.0] AndroidManifest.xml:40:13-44
131            android:enabled="@bool/enable_system_alarm_service_default"
131-->[androidx.work:work-runtime:2.1.0] AndroidManifest.xml:41:13-72
132            android:exported="false" />
132-->[androidx.work:work-runtime:2.1.0] AndroidManifest.xml:42:13-37
133        <service
133-->[androidx.work:work-runtime:2.1.0] AndroidManifest.xml:44:9-50:35
134            android:name="androidx.work.impl.background.systemjob.SystemJobService"
134-->[androidx.work:work-runtime:2.1.0] AndroidManifest.xml:45:13-84
135            android:directBootAware="false"
135-->[androidx.work:work-runtime:2.1.0] AndroidManifest.xml:46:13-44
136            android:enabled="@bool/enable_system_job_service_default"
136-->[androidx.work:work-runtime:2.1.0] AndroidManifest.xml:47:13-70
137            android:exported="true"
137-->[androidx.work:work-runtime:2.1.0] AndroidManifest.xml:48:13-36
138            android:permission="android.permission.BIND_JOB_SERVICE" />
138-->[androidx.work:work-runtime:2.1.0] AndroidManifest.xml:49:13-69
139
140        <receiver
140-->[androidx.work:work-runtime:2.1.0] AndroidManifest.xml:52:9-57:35
141            android:name="androidx.work.impl.utils.ForceStopRunnable$BroadcastReceiver"
141-->[androidx.work:work-runtime:2.1.0] AndroidManifest.xml:53:13-88
142            android:directBootAware="false"
142-->[androidx.work:work-runtime:2.1.0] AndroidManifest.xml:54:13-44
143            android:enabled="true"
143-->[androidx.work:work-runtime:2.1.0] AndroidManifest.xml:55:13-35
144            android:exported="false" />
144-->[androidx.work:work-runtime:2.1.0] AndroidManifest.xml:56:13-37
145        <receiver
145-->[androidx.work:work-runtime:2.1.0] AndroidManifest.xml:58:9-68:20
146            android:name="androidx.work.impl.background.systemalarm.ConstraintProxy$BatteryChargingProxy"
146-->[androidx.work:work-runtime:2.1.0] AndroidManifest.xml:59:13-106
147            android:directBootAware="false"
147-->[androidx.work:work-runtime:2.1.0] AndroidManifest.xml:60:13-44
148            android:enabled="false"
148-->[androidx.work:work-runtime:2.1.0] AndroidManifest.xml:61:13-36
149            android:exported="false" >
149-->[androidx.work:work-runtime:2.1.0] AndroidManifest.xml:62:13-37
150            <intent-filter>
150-->[androidx.work:work-runtime:2.1.0] AndroidManifest.xml:64:13-67:29
151                <action android:name="android.intent.action.ACTION_POWER_CONNECTED" />
151-->[androidx.work:work-runtime:2.1.0] AndroidManifest.xml:65:17-87
151-->[androidx.work:work-runtime:2.1.0] AndroidManifest.xml:65:25-84
152                <action android:name="android.intent.action.ACTION_POWER_DISCONNECTED" />
152-->[androidx.work:work-runtime:2.1.0] AndroidManifest.xml:66:17-90
152-->[androidx.work:work-runtime:2.1.0] AndroidManifest.xml:66:25-87
153            </intent-filter>
154        </receiver>
155        <receiver
155-->[androidx.work:work-runtime:2.1.0] AndroidManifest.xml:69:9-79:20
156            android:name="androidx.work.impl.background.systemalarm.ConstraintProxy$BatteryNotLowProxy"
156-->[androidx.work:work-runtime:2.1.0] AndroidManifest.xml:70:13-104
157            android:directBootAware="false"
157-->[androidx.work:work-runtime:2.1.0] AndroidManifest.xml:71:13-44
158            android:enabled="false"
158-->[androidx.work:work-runtime:2.1.0] AndroidManifest.xml:72:13-36
159            android:exported="false" >
159-->[androidx.work:work-runtime:2.1.0] AndroidManifest.xml:73:13-37
160            <intent-filter>
160-->[androidx.work:work-runtime:2.1.0] AndroidManifest.xml:75:13-78:29
161                <action android:name="android.intent.action.BATTERY_OKAY" />
161-->[androidx.work:work-runtime:2.1.0] AndroidManifest.xml:76:17-77
161-->[androidx.work:work-runtime:2.1.0] AndroidManifest.xml:76:25-74
162                <action android:name="android.intent.action.BATTERY_LOW" />
162-->[androidx.work:work-runtime:2.1.0] AndroidManifest.xml:77:17-76
162-->[androidx.work:work-runtime:2.1.0] AndroidManifest.xml:77:25-73
163            </intent-filter>
164        </receiver>
165        <receiver
165-->[androidx.work:work-runtime:2.1.0] AndroidManifest.xml:80:9-90:20
166            android:name="androidx.work.impl.background.systemalarm.ConstraintProxy$StorageNotLowProxy"
166-->[androidx.work:work-runtime:2.1.0] AndroidManifest.xml:81:13-104
167            android:directBootAware="false"
167-->[androidx.work:work-runtime:2.1.0] AndroidManifest.xml:82:13-44
168            android:enabled="false"
168-->[androidx.work:work-runtime:2.1.0] AndroidManifest.xml:83:13-36
169            android:exported="false" >
169-->[androidx.work:work-runtime:2.1.0] AndroidManifest.xml:84:13-37
170            <intent-filter>
170-->[androidx.work:work-runtime:2.1.0] AndroidManifest.xml:86:13-89:29
171                <action android:name="android.intent.action.DEVICE_STORAGE_LOW" />
171-->[androidx.work:work-runtime:2.1.0] AndroidManifest.xml:87:17-83
171-->[androidx.work:work-runtime:2.1.0] AndroidManifest.xml:87:25-80
172                <action android:name="android.intent.action.DEVICE_STORAGE_OK" />
172-->[androidx.work:work-runtime:2.1.0] AndroidManifest.xml:88:17-82
172-->[androidx.work:work-runtime:2.1.0] AndroidManifest.xml:88:25-79
173            </intent-filter>
174        </receiver>
175        <receiver
175-->[androidx.work:work-runtime:2.1.0] AndroidManifest.xml:91:9-100:20
176            android:name="androidx.work.impl.background.systemalarm.ConstraintProxy$NetworkStateProxy"
176-->[androidx.work:work-runtime:2.1.0] AndroidManifest.xml:92:13-103
177            android:directBootAware="false"
177-->[androidx.work:work-runtime:2.1.0] AndroidManifest.xml:93:13-44
178            android:enabled="false"
178-->[androidx.work:work-runtime:2.1.0] AndroidManifest.xml:94:13-36
179            android:exported="false" >
179-->[androidx.work:work-runtime:2.1.0] AndroidManifest.xml:95:13-37
180            <intent-filter>
180-->[androidx.work:work-runtime:2.1.0] AndroidManifest.xml:97:13-99:29
181                <action android:name="android.net.conn.CONNECTIVITY_CHANGE" />
181-->[androidx.work:work-runtime:2.1.0] AndroidManifest.xml:98:17-79
181-->[androidx.work:work-runtime:2.1.0] AndroidManifest.xml:98:25-76
182            </intent-filter>
183        </receiver>
184        <receiver
184-->[androidx.work:work-runtime:2.1.0] AndroidManifest.xml:101:9-112:20
185            android:name="androidx.work.impl.background.systemalarm.RescheduleReceiver"
185-->[androidx.work:work-runtime:2.1.0] AndroidManifest.xml:102:13-88
186            android:directBootAware="false"
186-->[androidx.work:work-runtime:2.1.0] AndroidManifest.xml:103:13-44
187            android:enabled="false"
187-->[androidx.work:work-runtime:2.1.0] AndroidManifest.xml:104:13-36
188            android:exported="false" >
188-->[androidx.work:work-runtime:2.1.0] AndroidManifest.xml:105:13-37
189            <intent-filter>
189-->[androidx.work:work-runtime:2.1.0] AndroidManifest.xml:107:13-111:29
190                <action android:name="android.intent.action.BOOT_COMPLETED" />
190-->[androidx.work:work-runtime:2.1.0] AndroidManifest.xml:108:17-79
190-->[androidx.work:work-runtime:2.1.0] AndroidManifest.xml:108:25-76
191                <action android:name="android.intent.action.TIME_SET" />
191-->[androidx.work:work-runtime:2.1.0] AndroidManifest.xml:109:17-73
191-->[androidx.work:work-runtime:2.1.0] AndroidManifest.xml:109:25-70
192                <action android:name="android.intent.action.TIMEZONE_CHANGED" />
192-->[androidx.work:work-runtime:2.1.0] AndroidManifest.xml:110:17-81
192-->[androidx.work:work-runtime:2.1.0] AndroidManifest.xml:110:25-78
193            </intent-filter>
194        </receiver>
195        <receiver
195-->[androidx.work:work-runtime:2.1.0] AndroidManifest.xml:113:9-122:20
196            android:name="androidx.work.impl.background.systemalarm.ConstraintProxyUpdateReceiver"
196-->[androidx.work:work-runtime:2.1.0] AndroidManifest.xml:114:13-99
197            android:directBootAware="false"
197-->[androidx.work:work-runtime:2.1.0] AndroidManifest.xml:115:13-44
198            android:enabled="@bool/enable_system_alarm_service_default"
198-->[androidx.work:work-runtime:2.1.0] AndroidManifest.xml:116:13-72
199            android:exported="false" >
199-->[androidx.work:work-runtime:2.1.0] AndroidManifest.xml:117:13-37
200            <intent-filter>
200-->[androidx.work:work-runtime:2.1.0] AndroidManifest.xml:119:13-121:29
201                <action android:name="androidx.work.impl.background.systemalarm.UpdateProxies" />
201-->[androidx.work:work-runtime:2.1.0] AndroidManifest.xml:120:17-98
201-->[androidx.work:work-runtime:2.1.0] AndroidManifest.xml:120:25-95
202            </intent-filter>
203        </receiver>
204
205        <service
205-->[androidx.room:room-runtime:2.1.0] AndroidManifest.xml:25:9-27:40
206            android:name="androidx.room.MultiInstanceInvalidationService"
206-->[androidx.room:room-runtime:2.1.0] AndroidManifest.xml:26:13-74
207            android:exported="false" />
207-->[androidx.room:room-runtime:2.1.0] AndroidManifest.xml:27:13-37
208    </application>
209
210</manifest>